00   aligned_CAs   'protein and (resid 20:25 or resid 50:55 or resid 73:75 or resid 90:94 or resid 112:116 or resid 142:147 or resid 165:169 or resid 190:194 or resid 214:218 or resid 236:240 or resid 253:258 or resid 303:307) and name CA'
01   aligned_betas   'protein and (resid 20:25 or resid 50:55 or resid 73:75 or resid 90:94 or resid 112:116 or resid 142:147 or resid 165:169 or resid 190:194 or resid 214:218 or resid 236:240 or resid 253:258 or resid 303:307) and not name H*'
02   full_protein   'protein and not name H*'
03   full_backbone   'backbone'
04   protein-19   'protein and not resid 0:19 and not name H*'
05   backbone-19   'backbone and not resid 0:19'
06   motif_1   'protein and resid 25:35 and not name H*'
07   motif_1a   'protein and resid 55:61 and not name H*'
08   a2_1   'protein and resid 62:69 and not name H*'
09   Lb3b4_1   'protein and resid 75:88 and not name H*'
10   motif_1b   'protein and resid 94:100 and not name H*'
11   motif_2   'protein and resid 117:124 and not name H*'
12   motif_3   'protein and resid 148:150 and not name H*'
13   post_m_3   'protein and resid 151:162 and not name H*'
14   motif_4   'protein and resid 195:202 and not name H*'
15   motif_4a   'protein and resid 219:224 and not name H*'
16   post_m_4a   'protein and resid 225:234 and not name H*'
17   motif_5   'protein and resid 241:250 and not name H*'
18   beta_wedges   'protein and resid 260:280 and not name H*'
19   motif_6   'protein and resid 284:297 and not name H*'
20   a2_3   'protein and resid 371:374'
21   d3_gate   'protein and resid 432:442 and not name H*'
22   A5   resname A5 and resid 452 and name N9 C8 N7 C5 C6 N6 N1 C2 N3 C4 O6 N4 C2 O2 O4
23   A5   resname A5 and resid 452 and name C5' C4' O4' C1' C3' C2' O2'  C5* C4* O4* C1* C3* O3* C2* O2*  O5'
24   G   resname G and resid 453 and name N9 C8 N7 C5 C6 N6 N1 C2 N3 C4 O6 N4 C2 O2 O4
25   G   resname G and resid 453 and name C5' C4' O4' C1' C3' C2' O2'  C5* C4* O4* C1* C3* O3* C2* O2* 
26   G   resname G and resid 453 and name P OP1 OP2 O5' or bynum 7303
27   A   resname A and resid 454 and name N9 C8 N7 C5 C6 N6 N1 C2 N3 C4 O6 N4 C2 O2 O4
28   A   resname A and resid 454 and name C5' C4' O4' C1' C3' C2' O2'  C5* C4* O4* C1* C3* O3* C2* O2* 
29   A   resname A and resid 454 and name P OP1 OP2 O5' or bynum 7334
30   C   resname C and resid 455 and name N9 C8 N7 C5 C6 N6 N1 C2 N3 C4 O6 N4 C2 O2 O4
31   C   resname C and resid 455 and name C5' C4' O4' C1' C3' C2' O2'  C5* C4* O4* C1* C3* O3* C2* O2* 
32   C   resname C and resid 455 and name P OP1 OP2 O5' or bynum 7364
33   U   resname U and resid 456 and name N9 C8 N7 C5 C6 N6 N1 C2 N3 C4 O6 N4 C2 O2 O4
34   U   resname U and resid 456 and name C5' C4' O4' C1' C3' C2' O2'  C5* C4* O4* C1* C3* O3* C2* O2* 
35   U   resname U and resid 456 and name P OP1 OP2 O5' or bynum 7397
36   A   resname A and resid 457 and name N9 C8 N7 C5 C6 N6 N1 C2 N3 C4 O6 N4 C2 O2 O4
37   A   resname A and resid 457 and name C5' C4' O4' C1' C3' C2' O2'  C5* C4* O4* C1* C3* O3* C2* O2* 
38   A   resname A and resid 457 and name P OP1 OP2 O5' or bynum 7431
39   A3   resname A3 and resid 458 and name N9 C8 N7 C5 C6 N6 N1 C2 N3 C4 O6 N4 C2 O2 O4
40   A3   resname A3 and resid 458 and name C5' C4' O4' C1' C3' C2' O2'  C5* C4* O4* C1* C3* O3* C2* O2*  O3' 
41   A3   resname A3 and resid 458 and name P OP1 OP2 O5' or bynum 7470
42   adp   resname adp and resid 459 and name N9 C8 N7 C5 C6 N6 N1 C2 N3 C4 O6 N4 C2 O2 O4
43   adp   resname adp and resid 459 and name C5' C4' O4' C1' C3' C2' O2'  C5* C4* O4* C1* C3* O3* C2* O2* 
44   adp   resname adp and resid 459 and name O5* O2A O1A PA O3A
45   adp   resname adp and resid 459 and name PB O1B O2B O3B
46   PHX   resname PHX and resid 460 and name P O1 O2 O3 O4
47   MG   resname MG and resid 461
